\BOOKMARK [0][-]{chapter.1}{INTRODU\307\303O}{}% 1
\BOOKMARK [1][-]{section.1.1}{OBJETIVOS}{chapter.1}% 2
\BOOKMARK [2][-]{subsection.1.1.1}{Geral}{section.1.1}% 3
\BOOKMARK [1][-]{section.1.2}{CONTRIBUI\307\325ES DO TRABALHO}{chapter.1}% 4
\BOOKMARK [1][-]{section.1.3}{JUSTIFICATIVA}{chapter.1}% 5
\BOOKMARK [1][-]{section.1.4}{DELIMITA\307\325ES DO TRABALHO}{chapter.1}% 6
\BOOKMARK [0][-]{chapter.2}{REVIS\303O DA LITERATURA}{}% 7
\BOOKMARK [1][-]{section.2.1}{INTERTEXTUALIDADE}{chapter.2}% 8
\BOOKMARK [1][-]{section.2.2}{ESTADO DA ARTE}{chapter.2}% 9
\BOOKMARK [1][-]{section.2.3}{NUMERA\307\303O DAS SE\307\325ES}{chapter.2}% 10
\BOOKMARK [1][-]{section.2.4}{EQUA\307\325ES E ALGORITMOS COM LATEX}{chapter.2}% 11
\BOOKMARK [2][-]{subsection.2.4.1}{Equa\347\365es}{section.2.4}% 12
\BOOKMARK [2][-]{subsection.2.4.2}{Algoritmos}{section.2.4}% 13
\BOOKMARK [0][-]{chapter.3}{METODOLOGIA}{}% 14
\BOOKMARK [1][-]{section.3.1}{ESTRUTURA DE UM TRABALHO ACAD\312MICO}{chapter.3}% 15
\BOOKMARK [1][-]{section.3.2}{TEM\301TICA DO TCC}{chapter.3}% 16
\BOOKMARK [1][-]{section.3.3}{SUGEST\325ES DE FORMATOS DE TCC}{chapter.3}% 17
\BOOKMARK [2][-]{subsection.3.3.1}{TCC de Desenvolvimento de Software}{section.3.3}% 18
\BOOKMARK [2][-]{subsection.3.3.2}{TCC de An\341lise e Desenvolvimento de Metodologia}{section.3.3}% 19
\BOOKMARK [2][-]{subsection.3.3.3}{TCC de Revis\343o Bibliogr\341fica}{section.3.3}% 20
\BOOKMARK [2][-]{subsection.3.3.4}{TCC Empresa}{section.3.3}% 21
\BOOKMARK [2][-]{subsection.3.3.5}{Ilustra\347\365es}{section.3.3}% 22
\BOOKMARK [0][-]{chapter.4}{AN\301LISE DE RESULTADOS }{}% 23
\BOOKMARK [0][-]{chapter.4}{Refer\352ncias}{}% 24
\BOOKMARK [0][-]{chapter*.3}{ANEXO A-4mm}{}% 25
